[0.071s] Invoking command in '/home/sunrise/jianye_dev/mono2d_ws/build/body_follow': CMAKE_PREFIX_PATH=${CMAKE_PREFIX_PATH}:/userdata/dev_ws/install/vlm:/userdata/dev_ws/install/qr_code_detection:/userdata/dev_ws/install/origincar_capimage:/opt/tros/humble:/opt/ros/humble /usr/bin/cmake --build /home/sunrise/jianye_dev/mono2d_ws/build/body_follow -- -j8 -l8
[0.398s] [35m[1mConsolidate compiler generated dependencies of target body_follow[0m
[0.516s] [ 50%] [32mBuilding CXX object CMakeFiles/body_follow.dir/src/body_follow.cpp.o[0m
[15.538s] [01m[K/home/sunrise/jianye_dev/mono2d_ws/src/body_follow/src/body_follow.cpp:146:2:[m[K [01;31m[Kerror: [m[Kexpected â€˜[01m[K}[m[Kâ€™ at end of input
[15.538s]   146 | }
[15.539s]       |  [01;31m[K^[m[K
[15.539s] [01m[K/home/sunrise/jianye_dev/mono2d_ws/src/body_follow/src/body_follow.cpp:12:1:[m[K [01;36m[Knote: [m[Kto match this â€˜[01m[K{[m[Kâ€™
[15.540s]    12 | [01;36m[K{[m[K
[15.541s]       | [01;36m[K^[m[K
[15.591s] [01m[K/home/sunrise/jianye_dev/mono2d_ws/src/body_follow/src/body_follow.cpp:[m[K In constructor â€˜[01m[KBodyRoiSubscriber::BodyRoiSubscriber()[m[Kâ€™:
[15.592s] [01m[K/home/sunrise/jianye_dev/mono2d_ws/src/body_follow/src/body_follow.cpp:16:9:[m[K [01;31m[Kerror: [m[Kâ€˜[01m[Ksubscription_[m[Kâ€™ was not declared in this scope; did you mean â€˜[01m[Krmw_subscription_t[m[Kâ€™?
[15.592s]    16 |         [01;31m[Ksubscription_[m[K = this->create_subscription<ai_msgs::msg::PerceptionTargets>(
[15.593s]       |         [01;31m[K^~~~~~~~~~~~~[m[K
[15.593s]       |         [32m[Krmw_subscription_t[m[K
[15.955s] [01m[K/home/sunrise/jianye_dev/mono2d_ws/src/body_follow/src/body_follow.cpp:24:9:[m[K [01;31m[Kerror: [m[Kâ€˜[01m[Kcmd_vel_publisher_[m[Kâ€™ was not declared in this scope; did you mean â€˜[01m[Kcreate_publisher[m[Kâ€™?
[15.955s]    24 |         [01;31m[Kcmd_vel_publisher_[m[K = this->create_publisher<geometry_msgs::msg::Twist>("/cmd_vel", 10);
[15.956s]       |         [01;31m[K^~~~~~~~~~~~~~~~~~[m[K
[15.957s]       |         [32m[Kcreate_publisher[m[K
[15.997s] [01m[K/home/sunrise/jianye_dev/mono2d_ws/src/body_follow/src/body_follow.cpp:[m[K In member function â€˜[01m[Kvoid BodyRoiSubscriber::topic_callback(ai_msgs::msg::PerceptionTargets_<std::allocator<void> >::SharedPtr)[m[Kâ€™:
[15.997s] [01m[K/home/sunrise/jianye_dev/mono2d_ws/src/body_follow/src/body_follow.cpp:61:13:[m[K [01;35m[Kwarning: [m[Kunused variable â€˜[01m[Kx2[m[Kâ€™ [[01;35m[K]8;;https://gcc.gnu.org/onlinedocs/gcc/Warning-Options.html#index-Wunused-variable-Wunused-variable]8;;[m[K]
[15.998s]    61 |         int [01;35m[Kx2[m[K = x1 + largest_roi.width;
[15.998s]       |             [01;35m[K^~[m[K
[15.999s] [01m[K/home/sunrise/jianye_dev/mono2d_ws/src/body_follow/src/body_follow.cpp:62:13:[m[K [01;35m[Kwarning: [m[Kunused variable â€˜[01m[Ky2[m[Kâ€™ [[01;35m[K]8;;https://gcc.gnu.org/onlinedocs/gcc/Warning-Options.html#index-Wunused-variable-Wunused-variable]8;;[m[K]
[15.999s]    62 |         int [01;35m[Ky2[m[K = y1 + largest_roi.height;
[16.000s]       |             [01;35m[K^~[m[K
[16.064s] [01m[K/home/sunrise/jianye_dev/mono2d_ws/src/body_follow/src/body_follow.cpp:129:11:[m[K [01;31m[Kerror: [m[Kâ€˜[01m[Kcmd_vel_publisher_[m[Kâ€™ was not declared in this scope; did you mean â€˜[01m[Kcreate_publisher[m[Kâ€™?
[16.065s]   129 |           [01;31m[Kcmd_vel_publisher_[m[K->publish(cmd_vel_msg);
[16.066s]       |           [01;31m[K^~~~~~~~~~~~~~~~~~[m[K
[16.067s]       |           [32m[Kcreate_publisher[m[K
[16.099s] [01m[K/home/sunrise/jianye_dev/mono2d_ws/src/body_follow/src/body_follow.cpp:[m[K At global scope:
[16.100s] [01m[K/home/sunrise/jianye_dev/mono2d_ws/src/body_follow/src/body_follow.cpp:146:2:[m[K [01;31m[Kerror: [m[Kexpected unqualified-id at end of input
[16.100s]   146 | }
[16.101s]       |  [01;31m[K^[m[K
[29.801s] gmake[2]: *** [CMakeFiles/body_follow.dir/build.make:76: CMakeFiles/body_follow.dir/src/body_follow.cpp.o] Error 1
[29.805s] gmake[1]: *** [CMakeFiles/Makefile2:137: CMakeFiles/body_follow.dir/all] Error 2
[29.806s] gmake: *** [Makefile:146: all] Error 2
[29.828s] Invoked command in '/home/sunrise/jianye_dev/mono2d_ws/build/body_follow' returned '2': CMAKE_PREFIX_PATH=${CMAKE_PREFIX_PATH}:/userdata/dev_ws/install/vlm:/userdata/dev_ws/install/qr_code_detection:/userdata/dev_ws/install/origincar_capimage:/opt/tros/humble:/opt/ros/humble /usr/bin/cmake --build /home/sunrise/jianye_dev/mono2d_ws/build/body_follow -- -j8 -l8
