[0.056s] Invoking command in '/home/sunrise/jianye_dev/mono2d_ws/build/body_follow': CMAKE_PREFIX_PATH=${CMAKE_PREFIX_PATH}:/userdata/dev_ws/install/vlm:/userdata/dev_ws/install/qr_code_detection:/userdata/dev_ws/install/origincar_capimage:/opt/tros/humble:/opt/ros/humble /usr/bin/cmake --build /home/sunrise/jianye_dev/mono2d_ws/build/body_follow -- -j8 -l8
[0.265s] [35m[1mConsolidate compiler generated dependencies of target body_follow[0m
[0.366s] [ 50%] [32mBuilding CXX object CMakeFiles/body_follow.dir/src/body_follow.cpp.o[0m
[14.384s] [01m[K/home/sunrise/jianye_dev/mono2d_ws/src/body_follow/src/body_follow.cpp:11:1:[m[K [01;31m[Kerror: [m[Kexpected initializer before â€˜[01m[Kclass[m[Kâ€™
[14.385s]    11 | [01;31m[Kclass[m[K BodyRoiSubscriber : public rclcpp::Node
[14.386s]       | [01;31m[K^~~~~[m[K
[14.427s] [01m[K/home/sunrise/jianye_dev/mono2d_ws/src/body_follow/src/body_follow.cpp:[m[K In function â€˜[01m[Kint main(int, char**)[m[Kâ€™:
[14.427s] [01m[K/home/sunrise/jianye_dev/mono2d_ws/src/body_follow/src/body_follow.cpp:113:35:[m[K [01;31m[Kerror: [m[Kâ€˜[01m[KBodyRoiSubscriber[m[Kâ€™ was not declared in this scope
[14.428s]   113 |     rclcpp::spin(std::make_shared<[01;31m[KBodyRoiSubscriber[m[K>());
[14.428s]       |                                   [01;31m[K^~~~~~~~~~~~~~~~~[m[K
[14.429s] [01m[K/home/sunrise/jianye_dev/mono2d_ws/src/body_follow/src/body_follow.cpp:113:53:[m[K [01;31m[Kerror: [m[Kno matching function for call to â€˜[01m[Kmake_shared<<expression error> >()[m[Kâ€™
[14.429s]   113 |     rclcpp::spin([01;31m[Kstd::make_shared<BodyRoiSubscriber>()[m[K);
[14.429s]       |                  [01;31m[K~~~~~~~~~~~~~~~~~~~~~~~~~~~~~~~~~~~^~[m[K
[14.430s] In file included from [01m[K/usr/include/c++/11/memory:77[m[K,
[14.430s]                  from [01m[K/opt/ros/humble/include/rclcpp/rclcpp/rclcpp.hpp:153[m[K,
[14.431s]                  from [01m[K/home/sunrise/jianye_dev/mono2d_ws/src/body_follow/src/body_follow.cpp:1[m[K:
[14.431s] [01m[K/usr/include/c++/11/bits/shared_ptr.h:875:5:[m[K [01;36m[Knote: [m[Kcandidate: â€˜[01m[Ktemplate<class _Tp, class ... _Args> std::shared_ptr<_Tp> std::make_shared(_Args&& ...)[m[Kâ€™
[14.432s]   875 |     [01;36m[Kmake_shared[m[K(_Args&&... __args)
[14.432s]       |     [01;36m[K^~~~~~~~~~~[m[K
[14.433s] [01m[K/usr/include/c++/11/bits/shared_ptr.h:875:5:[m[K [01;36m[Knote: [m[K  template argument deduction/substitution failed:
[14.434s] [01m[K/home/sunrise/jianye_dev/mono2d_ws/src/body_follow/src/body_follow.cpp:113:53:[m[K [01;31m[Kerror: [m[Ktemplate argument 1 is invalid
[14.434s]   113 |     rclcpp::spin([01;31m[Kstd::make_shared<BodyRoiSubscriber>()[m[K);
[14.435s]       |                  [01;31m[K~~~~~~~~~~~~~~~~~~~~~~~~~~~~~~~~~~~^~[m[K
[16.916s] gmake[2]: *** [CMakeFiles/body_follow.dir/build.make:76: CMakeFiles/body_follow.dir/src/body_follow.cpp.o] Error 1
[16.919s] gmake[1]: *** [CMakeFiles/Makefile2:137: CMakeFiles/body_follow.dir/all] Error 2
[16.920s] gmake: *** [Makefile:146: all] Error 2
[16.933s] Invoked command in '/home/sunrise/jianye_dev/mono2d_ws/build/body_follow' returned '2': CMAKE_PREFIX_PATH=${CMAKE_PREFIX_PATH}:/userdata/dev_ws/install/vlm:/userdata/dev_ws/install/qr_code_detection:/userdata/dev_ws/install/origincar_capimage:/opt/tros/humble:/opt/ros/humble /usr/bin/cmake --build /home/sunrise/jianye_dev/mono2d_ws/build/body_follow -- -j8 -l8
